[ 2025-12-10 13:47:19,679 ] 27 root - INFO - ========== PIPELINE STARTED ==========
[ 2025-12-10 13:47:19,680 ] 35 root - INFO - Initializing Data Ingestion...
[ 2025-12-10 13:47:19,680 ] 98 root - INFO - Starting Data Ingestion Pipeline...
[ 2025-12-10 13:47:19,680 ] 31 root - INFO - Connecting to MongoDB...
[ 2025-12-10 13:47:21,823 ] 40 root - INFO - Fetched 22110 rows from MongoDB database=RitikDB, collection=NetworkData
[ 2025-12-10 13:47:21,900 ] 66 root - INFO - Feature store saved at: Artifacts\12_10_2025_13_47_18\data_ingestion\feature_store\phisingData.csv
[ 2025-12-10 13:47:21,900 ] 75 root - INFO - Splitting dataset with shape: (22110, 31)
[ 2025-12-10 13:47:21,977 ] 91 root - INFO - Train-test split completed successfully.
[ 2025-12-10 13:47:21,977 ] 109 root - INFO - Data Ingestion Completed Successfully.
[ 2025-12-10 13:47:21,978 ] 40 root - INFO - Data Ingestion Completed Successfully.
[ 2025-12-10 13:47:21,978 ] 46 root - INFO - Initializing Data Validation...
[ 2025-12-10 13:47:21,981 ] 26 root - INFO - Schema.yaml loaded successfully.
[ 2025-12-10 13:47:21,981 ] 102 root - INFO - Initiating Data Validation Process...
[ 2025-12-10 13:47:21,981 ] 34 root - INFO - Reading data from: Artifacts\12_10_2025_13_47_18\data_ingestion\ingested\train.csv
[ 2025-12-10 13:47:22,005 ] 34 root - INFO - Reading data from: Artifacts\12_10_2025_13_47_18\data_ingestion\ingested\test.csv
[ 2025-12-10 13:47:22,012 ] 46 root - INFO - Required schema columns: ['having_IP_Address', 'URL_Length', 'Shortining_Service', 'having_At_Symbol', 'double_slash_redirecting', 'Prefix_Suffix', 'having_Sub_Domain', 'SSLfinal_State', 'Domain_registeration_length', 'Favicon', 'port', 'HTTPS_token', 'Request_URL', 'URL_of_Anchor', 'Links_in_tags', 'SFH', 'Submitting_to_email', 'Abnormal_URL', 'Redirect', 'on_mouseover', 'RightClick', 'popUpWidnow', 'Iframe', 'age_of_domain', 'DNSRecord', 'web_traffic', 'Page_Rank', 'Google_Index', 'Links_pointing_to_page', 'Statistical_report', 'Result']
[ 2025-12-10 13:47:22,013 ] 47 root - INFO - DataFrame columns: ['having_IP_Address', 'URL_Length', 'Shortining_Service', 'having_At_Symbol', 'double_slash_redirecting', 'Prefix_Suffix', 'having_Sub_Domain', 'SSLfinal_State', 'Domain_registeration_length', 'Favicon', 'port', 'HTTPS_token', 'Request_URL', 'URL_of_Anchor', 'Links_in_tags', 'SFH', 'Submitting_to_email', 'Abnormal_URL', 'Redirect', 'on_mouseover', 'RightClick', 'popUpWidnow', 'Iframe', 'age_of_domain', 'DNSRecord', 'web_traffic', 'Page_Rank', 'Google_Index', 'Links_pointing_to_page', 'Statistical_report', 'Result']
[ 2025-12-10 13:47:22,013 ] 46 root - INFO - Required schema columns: ['having_IP_Address', 'URL_Length', 'Shortining_Service', 'having_At_Symbol', 'double_slash_redirecting', 'Prefix_Suffix', 'having_Sub_Domain', 'SSLfinal_State', 'Domain_registeration_length', 'Favicon', 'port', 'HTTPS_token', 'Request_URL', 'URL_of_Anchor', 'Links_in_tags', 'SFH', 'Submitting_to_email', 'Abnormal_URL', 'Redirect', 'on_mouseover', 'RightClick', 'popUpWidnow', 'Iframe', 'age_of_domain', 'DNSRecord', 'web_traffic', 'Page_Rank', 'Google_Index', 'Links_pointing_to_page', 'Statistical_report', 'Result']
[ 2025-12-10 13:47:22,013 ] 47 root - INFO - DataFrame columns: ['having_IP_Address', 'URL_Length', 'Shortining_Service', 'having_At_Symbol', 'double_slash_redirecting', 'Prefix_Suffix', 'having_Sub_Domain', 'SSLfinal_State', 'Domain_registeration_length', 'Favicon', 'port', 'HTTPS_token', 'Request_URL', 'URL_of_Anchor', 'Links_in_tags', 'SFH', 'Submitting_to_email', 'Abnormal_URL', 'Redirect', 'on_mouseover', 'RightClick', 'popUpWidnow', 'Iframe', 'age_of_domain', 'DNSRecord', 'web_traffic', 'Page_Rank', 'Google_Index', 'Links_pointing_to_page', 'Statistical_report', 'Result']
[ 2025-12-10 13:47:22,013 ] 69 root - INFO - Starting dataset drift detection...
[ 2025-12-10 13:47:22,093 ] 93 root - INFO - Drift report saved at: Artifacts\12_10_2025_13_47_18\data_validation\drift_report\report.yaml
[ 2025-12-10 13:47:22,162 ] 124 root - INFO - Validated train & test datasets saved successfully.
[ 2025-12-10 13:47:22,162 ] 136 root - INFO - Data Validation Completed Successfully.
[ 2025-12-10 13:47:22,162 ] 51 root - INFO - Data Validation Completed Successfully.
[ 2025-12-10 13:47:22,162 ] 57 root - INFO - Initializing Data Transformation...
[ 2025-12-10 13:47:22,162 ] 63 root - INFO - Entered initiate_data_transformation method of DataTransformation class
[ 2025-12-10 13:47:22,162 ] 65 root - INFO - Starting data transformation
[ 2025-12-10 13:47:22,194 ] 48 root - INFO - Entered get_data_trnasformer_object method of Trnasformation class
[ 2025-12-10 13:47:22,194 ] 53 root - INFO - Initialise KNNImputer with {'missing_values': nan, 'n_neighbors': 3, 'weights': 'uniform'}
[ 2025-12-10 13:47:22,210 ] 68 root - INFO - Saving object...
[ 2025-12-10 13:47:22,212 ] 74 root - INFO - Object saved successfully.
[ 2025-12-10 13:47:22,213 ] 68 root - INFO - Saving object...
[ 2025-12-10 13:47:22,215 ] 74 root - INFO - Object saved successfully.
[ 2025-12-10 13:47:22,216 ] 62 root - INFO - Data Transformation Completed Successfully.
[ 2025-12-10 13:47:22,217 ] 68 root - INFO - Initializing Model Training...
[ 2025-12-10 13:47:33,241 ] 58 root - INFO - Best model selected: Random Forest
[ 2025-12-10 13:47:33,307 ] 68 root - INFO - Saving object...
[ 2025-12-10 13:47:33,317 ] 74 root - INFO - Object saved successfully.
[ 2025-12-10 13:47:33,318 ] 77 root - INFO - Model Training Completed Successfully.
[ 2025-12-10 13:47:33,318 ] 80 root - INFO - ========== PIPELINE COMPLETED SUCCESSFULLY ==========
