[ 2025-12-10 18:37:05,894 ] 42 root - INFO - Start data Ingestion
[ 2025-12-10 18:37:05,895 ] 98 root - INFO - Starting Data Ingestion Pipeline...
[ 2025-12-10 18:37:05,895 ] 31 root - INFO - Connecting to MongoDB...
[ 2025-12-10 18:37:08,905 ] 40 root - INFO - Fetched 22110 rows from MongoDB database=RitikDB, collection=NetworkData
[ 2025-12-10 18:37:09,004 ] 66 root - INFO - Feature store saved at: Artifacts\12_10_2025_18_34_58\data_ingestion\feature_store\phisingData.csv
[ 2025-12-10 18:37:09,005 ] 75 root - INFO - Splitting dataset with shape: (22110, 31)
[ 2025-12-10 18:37:09,093 ] 91 root - INFO - Train-test split completed successfully.
[ 2025-12-10 18:37:09,095 ] 109 root - INFO - Data Ingestion Completed Successfully.
[ 2025-12-10 18:37:09,096 ] 45 root - INFO - Data Ingestion completed and artifact: DataIngestionArtifact(trained_file_path='Artifacts\\12_10_2025_18_34_58\\data_ingestion\\ingested\\train.csv', test_file_path='Artifacts\\12_10_2025_18_34_58\\data_ingestion\\ingested\\test.csv')
[ 2025-12-10 18:37:09,100 ] 26 root - INFO - Schema.yaml loaded successfully.
[ 2025-12-10 18:37:09,100 ] 55 root - INFO - Initiate the data Validation
[ 2025-12-10 18:37:09,100 ] 102 root - INFO - Initiating Data Validation Process...
[ 2025-12-10 18:37:09,100 ] 34 root - INFO - Reading data from: Artifacts\12_10_2025_18_34_58\data_ingestion\ingested\train.csv
[ 2025-12-10 18:37:09,127 ] 34 root - INFO - Reading data from: Artifacts\12_10_2025_18_34_58\data_ingestion\ingested\test.csv
[ 2025-12-10 18:37:09,139 ] 46 root - INFO - Required schema columns: ['having_IP_Address', 'URL_Length', 'Shortining_Service', 'having_At_Symbol', 'double_slash_redirecting', 'Prefix_Suffix', 'having_Sub_Domain', 'SSLfinal_State', 'Domain_registeration_length', 'Favicon', 'port', 'HTTPS_token', 'Request_URL', 'URL_of_Anchor', 'Links_in_tags', 'SFH', 'Submitting_to_email', 'Abnormal_URL', 'Redirect', 'on_mouseover', 'RightClick', 'popUpWidnow', 'Iframe', 'age_of_domain', 'DNSRecord', 'web_traffic', 'Page_Rank', 'Google_Index', 'Links_pointing_to_page', 'Statistical_report', 'Result']
[ 2025-12-10 18:37:09,139 ] 47 root - INFO - DataFrame columns: ['having_IP_Address', 'URL_Length', 'Shortining_Service', 'having_At_Symbol', 'double_slash_redirecting', 'Prefix_Suffix', 'having_Sub_Domain', 'SSLfinal_State', 'Domain_registeration_length', 'Favicon', 'port', 'HTTPS_token', 'Request_URL', 'URL_of_Anchor', 'Links_in_tags', 'SFH', 'Submitting_to_email', 'Abnormal_URL', 'Redirect', 'on_mouseover', 'RightClick', 'popUpWidnow', 'Iframe', 'age_of_domain', 'DNSRecord', 'web_traffic', 'Page_Rank', 'Google_Index', 'Links_pointing_to_page', 'Statistical_report', 'Result']
[ 2025-12-10 18:37:09,139 ] 46 root - INFO - Required schema columns: ['having_IP_Address', 'URL_Length', 'Shortining_Service', 'having_At_Symbol', 'double_slash_redirecting', 'Prefix_Suffix', 'having_Sub_Domain', 'SSLfinal_State', 'Domain_registeration_length', 'Favicon', 'port', 'HTTPS_token', 'Request_URL', 'URL_of_Anchor', 'Links_in_tags', 'SFH', 'Submitting_to_email', 'Abnormal_URL', 'Redirect', 'on_mouseover', 'RightClick', 'popUpWidnow', 'Iframe', 'age_of_domain', 'DNSRecord', 'web_traffic', 'Page_Rank', 'Google_Index', 'Links_pointing_to_page', 'Statistical_report', 'Result']
[ 2025-12-10 18:37:09,140 ] 47 root - INFO - DataFrame columns: ['having_IP_Address', 'URL_Length', 'Shortining_Service', 'having_At_Symbol', 'double_slash_redirecting', 'Prefix_Suffix', 'having_Sub_Domain', 'SSLfinal_State', 'Domain_registeration_length', 'Favicon', 'port', 'HTTPS_token', 'Request_URL', 'URL_of_Anchor', 'Links_in_tags', 'SFH', 'Submitting_to_email', 'Abnormal_URL', 'Redirect', 'on_mouseover', 'RightClick', 'popUpWidnow', 'Iframe', 'age_of_domain', 'DNSRecord', 'web_traffic', 'Page_Rank', 'Google_Index', 'Links_pointing_to_page', 'Statistical_report', 'Result']
[ 2025-12-10 18:37:09,140 ] 69 root - INFO - Starting dataset drift detection...
[ 2025-12-10 18:37:09,279 ] 93 root - INFO - Drift report saved at: Artifacts\12_10_2025_18_34_58\data_validation\drift_report\report.yaml
[ 2025-12-10 18:37:09,359 ] 124 root - INFO - Validated train & test datasets saved successfully.
[ 2025-12-10 18:37:09,359 ] 136 root - INFO - Data Validation Completed Successfully.
[ 2025-12-10 18:37:09,360 ] 63 root - INFO - Entered initiate_data_transformation method of DataTransformation class
[ 2025-12-10 18:37:09,360 ] 65 root - INFO - Starting data transformation
[ 2025-12-10 18:37:09,396 ] 48 root - INFO - Entered get_data_trnasformer_object method of Trnasformation class
[ 2025-12-10 18:37:09,396 ] 53 root - INFO - Initialise KNNImputer with {'missing_values': nan, 'n_neighbors': 3, 'weights': 'uniform'}
[ 2025-12-10 18:37:09,413 ] 68 root - INFO - Saving object...
[ 2025-12-10 18:37:09,417 ] 74 root - INFO - Object saved successfully.
[ 2025-12-10 18:37:09,417 ] 68 root - INFO - Saving object...
[ 2025-12-10 18:37:09,421 ] 74 root - INFO - Object saved successfully.
[ 2025-12-10 18:37:23,486 ] 58 root - INFO - Best model selected: Random Forest
[ 2025-12-10 18:37:23,486 ] 68 root - INFO - Saving object...
[ 2025-12-10 18:37:23,499 ] 74 root - INFO - Object saved successfully.
[ 2025-12-10 18:37:23,641 ] 68 root - INFO - Saving object...
[ 2025-12-10 18:37:23,657 ] 74 root - INFO - Object saved successfully.
