[ 2025-12-10 04:20:36,237 ] 27 root - INFO - ========== PIPELINE STARTED ==========
[ 2025-12-10 04:20:36,239 ] 35 root - INFO - Initializing Data Ingestion...
[ 2025-12-10 04:20:36,239 ] 98 root - INFO - Starting Data Ingestion Pipeline...
[ 2025-12-10 04:20:36,239 ] 31 root - INFO - Connecting to MongoDB...
[ 2025-12-10 04:20:41,408 ] 40 root - INFO - Fetched 22110 rows from MongoDB database=RitikDB, collection=NetworkData
[ 2025-12-10 04:20:41,519 ] 66 root - INFO - Feature store saved at: Artifacts\12_10_2025_04_20_34\data_ingestion\feature_store\phisingData.csv
[ 2025-12-10 04:20:41,520 ] 75 root - INFO - Splitting dataset with shape: (22110, 31)
[ 2025-12-10 04:20:41,655 ] 91 root - INFO - Train-test split completed successfully.
[ 2025-12-10 04:20:41,656 ] 109 root - INFO - Data Ingestion Completed Successfully.
[ 2025-12-10 04:20:41,657 ] 40 root - INFO - Data Ingestion Completed Successfully.
[ 2025-12-10 04:20:41,657 ] 46 root - INFO - Initializing Data Validation...
[ 2025-12-10 04:20:41,664 ] 26 root - INFO - Schema.yaml loaded successfully.
[ 2025-12-10 04:20:41,664 ] 102 root - INFO - Initiating Data Validation Process...
[ 2025-12-10 04:20:41,664 ] 34 root - INFO - Reading data from: Artifacts\12_10_2025_04_20_34\data_ingestion\ingested\train.csv
[ 2025-12-10 04:20:41,698 ] 34 root - INFO - Reading data from: Artifacts\12_10_2025_04_20_34\data_ingestion\ingested\test.csv
[ 2025-12-10 04:20:41,710 ] 46 root - INFO - Required schema columns: ['having_IP_Address', 'URL_Length', 'Shortining_Service', 'having_At_Symbol', 'double_slash_redirecting', 'Prefix_Suffix', 'having_Sub_Domain', 'SSLfinal_State', 'Domain_registeration_length', 'Favicon', 'port', 'HTTPS_token', 'Request_URL', 'URL_of_Anchor', 'Links_in_tags', 'SFH', 'Submitting_to_email', 'Abnormal_URL', 'Redirect', 'on_mouseover', 'RightClick', 'popUpWidnow', 'Iframe', 'age_of_domain', 'DNSRecord', 'web_traffic', 'Page_Rank', 'Google_Index', 'Links_pointing_to_page', 'Statistical_report', 'Result']
[ 2025-12-10 04:20:41,711 ] 47 root - INFO - DataFrame columns: ['having_IP_Address', 'URL_Length', 'Shortining_Service', 'having_At_Symbol', 'double_slash_redirecting', 'Prefix_Suffix', 'having_Sub_Domain', 'SSLfinal_State', 'Domain_registeration_length', 'Favicon', 'port', 'HTTPS_token', 'Request_URL', 'URL_of_Anchor', 'Links_in_tags', 'SFH', 'Submitting_to_email', 'Abnormal_URL', 'Redirect', 'on_mouseover', 'RightClick', 'popUpWidnow', 'Iframe', 'age_of_domain', 'DNSRecord', 'web_traffic', 'Page_Rank', 'Google_Index', 'Links_pointing_to_page', 'Statistical_report', 'Result']
[ 2025-12-10 04:20:41,711 ] 46 root - INFO - Required schema columns: ['having_IP_Address', 'URL_Length', 'Shortining_Service', 'having_At_Symbol', 'double_slash_redirecting', 'Prefix_Suffix', 'having_Sub_Domain', 'SSLfinal_State', 'Domain_registeration_length', 'Favicon', 'port', 'HTTPS_token', 'Request_URL', 'URL_of_Anchor', 'Links_in_tags', 'SFH', 'Submitting_to_email', 'Abnormal_URL', 'Redirect', 'on_mouseover', 'RightClick', 'popUpWidnow', 'Iframe', 'age_of_domain', 'DNSRecord', 'web_traffic', 'Page_Rank', 'Google_Index', 'Links_pointing_to_page', 'Statistical_report', 'Result']
[ 2025-12-10 04:20:41,711 ] 47 root - INFO - DataFrame columns: ['having_IP_Address', 'URL_Length', 'Shortining_Service', 'having_At_Symbol', 'double_slash_redirecting', 'Prefix_Suffix', 'having_Sub_Domain', 'SSLfinal_State', 'Domain_registeration_length', 'Favicon', 'port', 'HTTPS_token', 'Request_URL', 'URL_of_Anchor', 'Links_in_tags', 'SFH', 'Submitting_to_email', 'Abnormal_URL', 'Redirect', 'on_mouseover', 'RightClick', 'popUpWidnow', 'Iframe', 'age_of_domain', 'DNSRecord', 'web_traffic', 'Page_Rank', 'Google_Index', 'Links_pointing_to_page', 'Statistical_report', 'Result']
[ 2025-12-10 04:20:41,711 ] 69 root - INFO - Starting dataset drift detection...
[ 2025-12-10 04:20:41,829 ] 93 root - INFO - Drift report saved at: Artifacts\12_10_2025_04_20_34\data_validation\drift_report\report.yaml
[ 2025-12-10 04:20:41,985 ] 124 root - INFO - Validated train & test datasets saved successfully.
[ 2025-12-10 04:20:41,986 ] 136 root - INFO - Data Validation Completed Successfully.
[ 2025-12-10 04:20:41,987 ] 51 root - INFO - Data Validation Completed Successfully.
[ 2025-12-10 04:20:41,987 ] 57 root - INFO - Initializing Data Transformation...
[ 2025-12-10 04:20:41,987 ] 63 root - INFO - Entered initiate_data_transformation method of DataTransformation class
[ 2025-12-10 04:20:41,988 ] 65 root - INFO - Starting data transformation
[ 2025-12-10 04:20:42,067 ] 48 root - INFO - Entered get_data_trnasformer_object method of Trnasformation class
[ 2025-12-10 04:20:42,068 ] 53 root - INFO - Initialise KNNImputer with {'missing_values': nan, 'n_neighbors': 3, 'weights': 'uniform'}
[ 2025-12-10 04:20:42,104 ] 68 root - INFO - Saving object...
[ 2025-12-10 04:20:42,116 ] 74 root - INFO - Object saved successfully.
[ 2025-12-10 04:20:42,116 ] 68 root - INFO - Saving object...
[ 2025-12-10 04:20:42,124 ] 74 root - INFO - Object saved successfully.
[ 2025-12-10 04:20:42,129 ] 62 root - INFO - Data Transformation Completed Successfully.
[ 2025-12-10 04:20:42,130 ] 68 root - INFO - Initializing Model Training...
[ 2025-12-10 04:20:42,139 ] 109 root - INFO - Training model: RandomForest
[ 2025-12-10 04:20:50,580 ] 132 root - INFO - RandomForest \u2192 F1=0.9864069791032664, Precision=0.9838122217725617, Recall=0.9890154597233524
[ 2025-12-10 04:20:50,581 ] 109 root - INFO - Training model: DecisionTree
[ 2025-12-10 04:20:52,052 ] 132 root - INFO - DecisionTree \u2192 F1=0.9839332926581249, Precision=0.983733224888166, Recall=0.98413344182262
[ 2025-12-10 04:20:52,053 ] 109 root - INFO - Training model: GradientBoosting
[ 2025-12-10 04:21:01,234 ] 132 root - INFO - GradientBoosting \u2192 F1=0.9557665118157948, Precision=0.9490573606097071, Recall=0.9625711960943857
[ 2025-12-10 04:21:01,234 ] 109 root - INFO - Training model: LogisticRegression
[ 2025-12-10 04:21:01,424 ] 132 root - INFO - LogisticRegression \u2192 F1=0.9328464191519578, Precision=0.9303925536220153, Recall=0.935313262815297
[ 2025-12-10 04:21:01,424 ] 109 root - INFO - Training model: AdaBoost
[ 2025-12-10 04:21:06,658 ] 132 root - INFO - AdaBoost \u2192 F1=0.9288162936075822, Precision=0.9208316673330668, Recall=0.9369406021155411
