[ 2025-12-10 04:06:39,823 ] 25 root - INFO - ========== PIPELINE STARTED ==========
[ 2025-12-10 04:06:39,823 ] 33 root - INFO - Initializing Data Ingestion...
[ 2025-12-10 04:06:39,823 ] 98 root - INFO - Starting Data Ingestion Pipeline...
[ 2025-12-10 04:06:39,823 ] 31 root - INFO - Connecting to MongoDB...
[ 2025-12-10 04:06:43,999 ] 40 root - INFO - Fetched 22110 rows from MongoDB database=RitikDB, collection=NetworkData
[ 2025-12-10 04:06:44,088 ] 66 root - INFO - Feature store saved at: Artifacts\12_10_2025_04_06_36\data_ingestion\feature_store\phisingData.csv
[ 2025-12-10 04:06:44,088 ] 75 root - INFO - Splitting dataset with shape: (22110, 31)
[ 2025-12-10 04:06:44,188 ] 91 root - INFO - Train-test split completed successfully.
[ 2025-12-10 04:06:44,189 ] 109 root - INFO - Data Ingestion Completed Successfully.
[ 2025-12-10 04:06:44,189 ] 38 root - INFO - Data Ingestion Completed Successfully.
[ 2025-12-10 04:06:44,190 ] 44 root - INFO - Initializing Data Validation...
[ 2025-12-10 04:06:44,193 ] 26 root - INFO - Schema.yaml loaded successfully.
[ 2025-12-10 04:06:44,194 ] 102 root - INFO - Initiating Data Validation Process...
[ 2025-12-10 04:06:44,194 ] 34 root - INFO - Reading data from: Artifacts\12_10_2025_04_06_36\data_ingestion\ingested\train.csv
[ 2025-12-10 04:06:44,229 ] 34 root - INFO - Reading data from: Artifacts\12_10_2025_04_06_36\data_ingestion\ingested\test.csv
[ 2025-12-10 04:06:44,241 ] 46 root - INFO - Required schema columns: ['having_IP_Address', 'URL_Length', 'Shortining_Service', 'having_At_Symbol', 'double_slash_redirecting', 'Prefix_Suffix', 'having_Sub_Domain', 'SSLfinal_State', 'Domain_registeration_length', 'Favicon', 'port', 'HTTPS_token', 'Request_URL', 'URL_of_Anchor', 'Links_in_tags', 'SFH', 'Submitting_to_email', 'Abnormal_URL', 'Redirect', 'on_mouseover', 'RightClick', 'popUpWidnow', 'Iframe', 'age_of_domain', 'DNSRecord', 'web_traffic', 'Page_Rank', 'Google_Index', 'Links_pointing_to_page', 'Statistical_report', 'Result']
[ 2025-12-10 04:06:44,241 ] 47 root - INFO - DataFrame columns: ['having_IP_Address', 'URL_Length', 'Shortining_Service', 'having_At_Symbol', 'double_slash_redirecting', 'Prefix_Suffix', 'having_Sub_Domain', 'SSLfinal_State', 'Domain_registeration_length', 'Favicon', 'port', 'HTTPS_token', 'Request_URL', 'URL_of_Anchor', 'Links_in_tags', 'SFH', 'Submitting_to_email', 'Abnormal_URL', 'Redirect', 'on_mouseover', 'RightClick', 'popUpWidnow', 'Iframe', 'age_of_domain', 'DNSRecord', 'web_traffic', 'Page_Rank', 'Google_Index', 'Links_pointing_to_page', 'Statistical_report', 'Result']
[ 2025-12-10 04:06:44,241 ] 46 root - INFO - Required schema columns: ['having_IP_Address', 'URL_Length', 'Shortining_Service', 'having_At_Symbol', 'double_slash_redirecting', 'Prefix_Suffix', 'having_Sub_Domain', 'SSLfinal_State', 'Domain_registeration_length', 'Favicon', 'port', 'HTTPS_token', 'Request_URL', 'URL_of_Anchor', 'Links_in_tags', 'SFH', 'Submitting_to_email', 'Abnormal_URL', 'Redirect', 'on_mouseover', 'RightClick', 'popUpWidnow', 'Iframe', 'age_of_domain', 'DNSRecord', 'web_traffic', 'Page_Rank', 'Google_Index', 'Links_pointing_to_page', 'Statistical_report', 'Result']
[ 2025-12-10 04:06:44,241 ] 47 root - INFO - DataFrame columns: ['having_IP_Address', 'URL_Length', 'Shortining_Service', 'having_At_Symbol', 'double_slash_redirecting', 'Prefix_Suffix', 'having_Sub_Domain', 'SSLfinal_State', 'Domain_registeration_length', 'Favicon', 'port', 'HTTPS_token', 'Request_URL', 'URL_of_Anchor', 'Links_in_tags', 'SFH', 'Submitting_to_email', 'Abnormal_URL', 'Redirect', 'on_mouseover', 'RightClick', 'popUpWidnow', 'Iframe', 'age_of_domain', 'DNSRecord', 'web_traffic', 'Page_Rank', 'Google_Index', 'Links_pointing_to_page', 'Statistical_report', 'Result']
[ 2025-12-10 04:06:44,241 ] 69 root - INFO - Starting dataset drift detection...
[ 2025-12-10 04:06:44,352 ] 93 root - INFO - Drift report saved at: Artifacts\12_10_2025_04_06_36\data_validation\drift_report\report.yaml
[ 2025-12-10 04:06:44,435 ] 124 root - INFO - Validated train & test datasets saved successfully.
[ 2025-12-10 04:06:44,436 ] 136 root - INFO - Data Validation Completed Successfully.
[ 2025-12-10 04:06:44,436 ] 49 root - INFO - Data Validation Completed Successfully.
[ 2025-12-10 04:06:44,437 ] 55 root - INFO - Initializing Data Transformation...
[ 2025-12-10 04:06:44,437 ] 63 root - INFO - Entered initiate_data_transformation method of DataTransformation class
[ 2025-12-10 04:06:44,437 ] 65 root - INFO - Starting data transformation
[ 2025-12-10 04:06:44,491 ] 48 root - INFO - Entered get_data_trnasformer_object method of Trnasformation class
[ 2025-12-10 04:06:44,491 ] 53 root - INFO - Initialise KNNImputer with {'missing_values': nan, 'n_neighbors': 3, 'weights': 'uniform'}
[ 2025-12-10 04:06:44,516 ] 68 root - INFO - Saving object...
[ 2025-12-10 04:06:44,523 ] 74 root - INFO - Object saved successfully.
[ 2025-12-10 04:06:44,524 ] 68 root - INFO - Saving object...
[ 2025-12-10 04:06:44,527 ] 74 root - INFO - Object saved successfully.
[ 2025-12-10 04:06:44,530 ] 60 root - INFO - Data Transformation Completed Successfully.
[ 2025-12-10 04:06:44,531 ] 63 root - INFO - ========== PIPELINE COMPLETED SUCCESSFULLY ==========
