[ 2025-12-10 04:26:18,163 ] 27 root - INFO - ========== PIPELINE STARTED ==========
[ 2025-12-10 04:26:18,163 ] 35 root - INFO - Initializing Data Ingestion...
[ 2025-12-10 04:26:18,164 ] 98 root - INFO - Starting Data Ingestion Pipeline...
[ 2025-12-10 04:26:18,164 ] 31 root - INFO - Connecting to MongoDB...
[ 2025-12-10 04:26:21,733 ] 40 root - INFO - Fetched 22110 rows from MongoDB database=RitikDB, collection=NetworkData
[ 2025-12-10 04:26:21,811 ] 66 root - INFO - Feature store saved at: Artifacts\12_10_2025_04_26_16\data_ingestion\feature_store\phisingData.csv
[ 2025-12-10 04:26:21,811 ] 75 root - INFO - Splitting dataset with shape: (22110, 31)
[ 2025-12-10 04:26:21,888 ] 91 root - INFO - Train-test split completed successfully.
[ 2025-12-10 04:26:21,889 ] 109 root - INFO - Data Ingestion Completed Successfully.
[ 2025-12-10 04:26:21,889 ] 40 root - INFO - Data Ingestion Completed Successfully.
[ 2025-12-10 04:26:21,889 ] 46 root - INFO - Initializing Data Validation...
[ 2025-12-10 04:26:21,894 ] 26 root - INFO - Schema.yaml loaded successfully.
[ 2025-12-10 04:26:21,894 ] 102 root - INFO - Initiating Data Validation Process...
[ 2025-12-10 04:26:21,894 ] 34 root - INFO - Reading data from: Artifacts\12_10_2025_04_26_16\data_ingestion\ingested\train.csv
[ 2025-12-10 04:26:21,916 ] 34 root - INFO - Reading data from: Artifacts\12_10_2025_04_26_16\data_ingestion\ingested\test.csv
[ 2025-12-10 04:26:21,926 ] 46 root - INFO - Required schema columns: ['having_IP_Address', 'URL_Length', 'Shortining_Service', 'having_At_Symbol', 'double_slash_redirecting', 'Prefix_Suffix', 'having_Sub_Domain', 'SSLfinal_State', 'Domain_registeration_length', 'Favicon', 'port', 'HTTPS_token', 'Request_URL', 'URL_of_Anchor', 'Links_in_tags', 'SFH', 'Submitting_to_email', 'Abnormal_URL', 'Redirect', 'on_mouseover', 'RightClick', 'popUpWidnow', 'Iframe', 'age_of_domain', 'DNSRecord', 'web_traffic', 'Page_Rank', 'Google_Index', 'Links_pointing_to_page', 'Statistical_report', 'Result']
[ 2025-12-10 04:26:21,927 ] 47 root - INFO - DataFrame columns: ['having_IP_Address', 'URL_Length', 'Shortining_Service', 'having_At_Symbol', 'double_slash_redirecting', 'Prefix_Suffix', 'having_Sub_Domain', 'SSLfinal_State', 'Domain_registeration_length', 'Favicon', 'port', 'HTTPS_token', 'Request_URL', 'URL_of_Anchor', 'Links_in_tags', 'SFH', 'Submitting_to_email', 'Abnormal_URL', 'Redirect', 'on_mouseover', 'RightClick', 'popUpWidnow', 'Iframe', 'age_of_domain', 'DNSRecord', 'web_traffic', 'Page_Rank', 'Google_Index', 'Links_pointing_to_page', 'Statistical_report', 'Result']
[ 2025-12-10 04:26:21,927 ] 46 root - INFO - Required schema columns: ['having_IP_Address', 'URL_Length', 'Shortining_Service', 'having_At_Symbol', 'double_slash_redirecting', 'Prefix_Suffix', 'having_Sub_Domain', 'SSLfinal_State', 'Domain_registeration_length', 'Favicon', 'port', 'HTTPS_token', 'Request_URL', 'URL_of_Anchor', 'Links_in_tags', 'SFH', 'Submitting_to_email', 'Abnormal_URL', 'Redirect', 'on_mouseover', 'RightClick', 'popUpWidnow', 'Iframe', 'age_of_domain', 'DNSRecord', 'web_traffic', 'Page_Rank', 'Google_Index', 'Links_pointing_to_page', 'Statistical_report', 'Result']
[ 2025-12-10 04:26:21,927 ] 47 root - INFO - DataFrame columns: ['having_IP_Address', 'URL_Length', 'Shortining_Service', 'having_At_Symbol', 'double_slash_redirecting', 'Prefix_Suffix', 'having_Sub_Domain', 'SSLfinal_State', 'Domain_registeration_length', 'Favicon', 'port', 'HTTPS_token', 'Request_URL', 'URL_of_Anchor', 'Links_in_tags', 'SFH', 'Submitting_to_email', 'Abnormal_URL', 'Redirect', 'on_mouseover', 'RightClick', 'popUpWidnow', 'Iframe', 'age_of_domain', 'DNSRecord', 'web_traffic', 'Page_Rank', 'Google_Index', 'Links_pointing_to_page', 'Statistical_report', 'Result']
[ 2025-12-10 04:26:21,927 ] 69 root - INFO - Starting dataset drift detection...
[ 2025-12-10 04:26:22,019 ] 93 root - INFO - Drift report saved at: Artifacts\12_10_2025_04_26_16\data_validation\drift_report\report.yaml
[ 2025-12-10 04:26:22,095 ] 124 root - INFO - Validated train & test datasets saved successfully.
[ 2025-12-10 04:26:22,095 ] 136 root - INFO - Data Validation Completed Successfully.
[ 2025-12-10 04:26:22,096 ] 51 root - INFO - Data Validation Completed Successfully.
[ 2025-12-10 04:26:22,096 ] 57 root - INFO - Initializing Data Transformation...
[ 2025-12-10 04:26:22,097 ] 63 root - INFO - Entered initiate_data_transformation method of DataTransformation class
[ 2025-12-10 04:26:22,097 ] 65 root - INFO - Starting data transformation
[ 2025-12-10 04:26:22,135 ] 48 root - INFO - Entered get_data_trnasformer_object method of Trnasformation class
[ 2025-12-10 04:26:22,135 ] 53 root - INFO - Initialise KNNImputer with {'missing_values': nan, 'n_neighbors': 3, 'weights': 'uniform'}
[ 2025-12-10 04:26:22,151 ] 68 root - INFO - Saving object...
[ 2025-12-10 04:26:22,154 ] 74 root - INFO - Object saved successfully.
[ 2025-12-10 04:26:22,155 ] 68 root - INFO - Saving object...
[ 2025-12-10 04:26:22,158 ] 74 root - INFO - Object saved successfully.
[ 2025-12-10 04:26:22,159 ] 62 root - INFO - Data Transformation Completed Successfully.
[ 2025-12-10 04:26:22,160 ] 68 root - INFO - Initializing Model Training...
[ 2025-12-10 04:26:22,160 ] 149 root - INFO - Loading transformed train & test arrays...
[ 2025-12-10 04:26:22,162 ] 109 root - INFO - Training model: Random Forest
[ 2025-12-10 04:26:25,209 ] 132 root - INFO - Random Forest \u2192 F1=0.9855720382036172, Precision=0.9845716605765327, Recall=0.9865744507729862
[ 2025-12-10 04:26:25,209 ] 109 root - INFO - Training model: Decision Tree
[ 2025-12-10 04:26:26,619 ] 132 root - INFO - Decision Tree \u2192 F1=0.9843464118723317, Precision=0.983746444534742, Recall=0.984947111472742
[ 2025-12-10 04:26:26,619 ] 109 root - INFO - Training model: Gradient Boosting
[ 2025-12-10 04:26:28,997 ] 132 root - INFO - Gradient Boosting \u2192 F1=0.9465402461166028, Precision=0.9387755102040817, Recall=0.9544344995931652
[ 2025-12-10 04:26:28,997 ] 109 root - INFO - Training model: Logistic Regression
[ 2025-12-10 04:26:29,190 ] 132 root - INFO - Logistic Regression \u2192 F1=0.9328464191519578, Precision=0.9303925536220153, Recall=0.935313262815297
[ 2025-12-10 04:26:29,190 ] 109 root - INFO - Training model: AdaBoost
[ 2025-12-10 04:26:30,794 ] 132 root - INFO - AdaBoost \u2192 F1=0.9281678773204197, Precision=0.9207365892714171, Recall=0.935720097640358
